Start testing: Mar 21 01:19 CST
----------------------------------------------------------
6/15 Testing: GCG-CPMP-default-p1250-2.lp
6/15 Test: GCG-CPMP-default-p1250-2.lp
Command: "/tmp2/yshuang/fin.rag/scipoptsuite-9.2.1/build/bin/gcg" "-f" "/tmp2/yshuang/fin.rag/scipoptsuite-9.2.1/gcg/check/instances/cpmp/p1250-2.lp" "-s" "/tmp2/yshuang/fin.rag/scipoptsuite-9.2.1/gcg/settings/default.set" "-o" "412" "412" "-d" "/tmp2/yshuang/fin.rag/scipoptsuite-9.2.1/gcg/check/instances/cpmp/p1250-2.blk"
Directory: /tmp2/yshuang/fin.rag/scipoptsuite-9.2.1/build/gcg/check
"GCG-CPMP-default-p1250-2.lp" start time: Mar 21 01:19 CST
Output:
----------------------------------------------------------
GCG version 3.7.1 [GitHash: 18cfd394]
Copyright (C) 2010-2025 Operations Research, RWTH Aachen University
                        Konrad-Zuse-Zentrum fuer Informationstechnik Berlin (ZIB)

SCIP version 9.2.1 [precision: 8 byte] [memory: block] [mode: optimized] [LP solver: Soplex 7.1.3] [GitHash: 0d2d3c7c2d]
Copyright (c) 2002-2025 Zuse Institute Berlin (ZIB)

External libraries: 
  Readline 8.1         GNU library for command line editing (gnu.org/s/readline)
  Soplex 7.1.3         Linear Programming Solver developed at Zuse Institute Berlin (soplex.zib.de) [GitHash: 60fd96f2]
  CppAD 20180000.0     Algorithmic Differentiation of C++ algorithms developed by B. Bell (github.com/coin-or/CppAD)
  ZLIB 1.2.11          General purpose compression library by J. Gailly and M. Adler (zlib.net)
  nauty 2.8.8 (32 bits) A Tool for Computing Automorphism Groups of Graphs by B.D. McKay and A. Piperno (https://pallini.di.uniroma1.it/)

user parameter file </tmp2/yshuang/fin.rag/scipoptsuite-9.2.1/gcg/settings/default.set> not found - using default parameters

read problem </tmp2/yshuang/fin.rag/scipoptsuite-9.2.1/gcg/check/instances/cpmp/p1250-2.lp>
============

original problem has 2550 variables (0 bin, 2550 int, 0 impl, 0 cont) and 101 constraints

read decomposition </tmp2/yshuang/fin.rag/scipoptsuite-9.2.1/gcg/check/instances/cpmp/p1250-2.blk>
==================

just read blk file:
 added complete decomp for original problem with 50 blocks and 51 masterconss, 0 linkingvars, 0 mastervars, and max white score of   0.485149 
original problem has 2550 variables (0 bin, 2550 int, 0 impl, 0 cont) and 101 constraints

solve problem
=============

there is an original decomposition and problem is not presolved yet -> disable presolving and start optimizing (rerun with presolve command before detect command for detecting in presolved problem)  
presolving:
presolving (0 rounds: 0 fast, 0 medium, 0 exhaustive):
 0 deleted vars, 0 deleted constraints, 0 added constraints, 0 tightened bounds, 0 added holes, 0 changed sides, 0 changed coefficients
 0 implications, 0 cliques
presolved problem has 2550 variables (2550 bin, 0 int, 0 impl, 0 cont) and 101 constraints
    101 constraints of type <linear>
transformed objective value is always integral (scale: 1)
Presolving Time: 0.00
 calculated translation; number of missing constraints: 0; number of other partialdecs: 1 
Preexisting decomposition found. Solution process started...

A Dantzig-Wolfe reformulation is applied to solve the original problem.
Chosen structure has 50 blocks and 51 linking constraints.
This decomposition has a maxwhite score of 0.485149.
Matrix has 50 blocks, using 50 pricing problems.

  time | node  | left  |SLP iter|MLP iter|LP it/n| mem |mdpt |ovars|mvars|ocons|mcons|mcuts|  dualbound   | primalbound  |  deg   |  gap   
p  0.2s|     1 |     0 |      0 |      0 |     - |  32M|   0 |2550 |   0 | 102 |   0 |   0 | 0.000000e+00 | 2.168000e+03 |   --   |    Inf 
   0.2s|     1 |     0 |      0 |      0 |     - |  31M|   0 |2550 |   0 | 102 |   0 |   0 | 0.000000e+00 | 2.168000e+03 |   --   |    Inf 

     
   0.2s|     1 |     0 |      0 |      0 |     - |  31M|   0 |2550 |  50 | 102 | 102 |   0 | 0.000000e+00 | 2.168000e+03 |   0.00%|    Inf 
   0.2s|     1 |     0 |      0 |      0 |     - |  31M|   0 |2550 |  50 | 102 | 102 |   0 | 0.000000e+00 | 2.168000e+03 |   0.00%|    Inf 
Starting reduced cost pricing...
   0.3s|     1 |     0 |   1926 |   1926 |     - |  36M|   0 |2550 |1389 | 102 | 102 |   0 | 4.082143e+02 | 2.168000e+03 |  29.11%| 431.09%
   0.8s|     1 |     0 |   2130 |   2130 |     - |  53M|   0 |2550 |1389 | 102 | 102 |   3 | 4.082143e+02 | 2.168000e+03 |  29.11%| 431.09%
   0.8s|     1 |     0 |   2154 |   2154 |     - |  53M|   0 |2550 |1399 | 102 | 102 |   3 | 4.101112e+02 | 2.168000e+03 |  29.71%| 428.64%
E  1.3s|     1 |     0 |   2303 |   2303 |     - |  94M|   0 |2550 |1449 | 102 | 102 |   3 | 4.101112e+02 | 4.120000e+02 |  29.71%|   0.46%
   1.5s|     1 |     0 |   2303 |   2303 |     - |  94M|   0 |2550 |1499 | 102 | 102 |   3 | 4.101112e+02 | 4.120000e+02 |  29.71%|   0.46%
   1.5s|     1 |     0 |   2303 |   2303 |     - |  94M|   0 |2550 |1499 | 102 | 102 |   3 | 4.101112e+02 | 4.120000e+02 |  29.71%|   0.46%
   1.5s|     1 |     0 |   2303 |   2303 |     - |  94M|   0 |2550 |1499 | 102 | 102 |   3 | 4.101112e+02 | 4.120000e+02 |  29.71%|   0.46%
   1.5s|     1 |     0 |   2303 |   2303 |     - |  94M|   0 |2550 |1499 | 102 | 102 |   3 | 4.101112e+02 | 4.120000e+02 |  29.71%|   0.46%
   1.5s|     1 |     2 |   2303 |   2303 |     - |  94M|   0 |2550 |1499 | 102 | 102 |   3 | 4.101112e+02 | 4.120000e+02 |  29.71%|   0.46%

SCIP Status        : problem is solved [optimal solution found]
Solving Time (sec) : 1.81
Solving Nodes      : 9
Primal Bound       : +4.12000000000000e+02 (4 solutions)
Dual Bound         : +4.12000000000000e+02
Gap                : 0.00 %

primal solution:
================

objective value:                                  412
x#1#41                                              1 	(obj:12)
x#2#2                                               1 	(obj:0)
x#3#3                                               1 	(obj:0)
x#4#2                                               1 	(obj:7)
x#5#3                                               1 	(obj:6)
x#6#24                                              1 	(obj:8)
x#7#48                                              1 	(obj:15)
x#8#47                                              1 	(obj:12)
x#9#48                                              1 	(obj:2)
x#10#10                                             1 	(obj:0)
x#11#31                                             1 	(obj:10)
x#12#31                                             1 	(obj:9)
x#13#13                                             1 	(obj:0)
x#14#13                                             1 	(obj:8)
x#15#15                                             1 	(obj:0)
x#16#24                                             1 	(obj:2)
x#17#15                                             1 	(obj:11)
x#18#10                                             1 	(obj:9)
x#19#44                                             1 	(obj:3)
x#20#47                                             1 	(obj:10)
x#21#23                                             1 	(obj:19)
x#22#31                                             1 	(obj:4)
x#23#23                                             1 	(obj:0)
x#24#24                                             1 	(obj:0)
x#25#48                                             1 	(obj:16)
x#26#48                                             1 	(obj:6)
x#27#10                                             1 	(obj:5)
x#28#47                                             1 	(obj:5)
x#29#41                                             1 	(obj:10)
x#30#24                                             1 	(obj:19)
x#31#31                                             1 	(obj:0)
x#32#2                                              1 	(obj:5)
x#33#44                                             1 	(obj:6)
x#34#44                                             1 	(obj:11)
x#35#23                                             1 	(obj:1)
x#36#44                                             1 	(obj:12)
x#37#24                                             1 	(obj:14)
x#38#23                                             1 	(obj:5)
x#39#10                                             1 	(obj:19)
x#40#24                                             1 	(obj:26)
x#41#41                                             1 	(obj:0)
x#42#24                                             1 	(obj:22)
x#43#15                                             1 	(obj:16)
x#44#44                                             1 	(obj:0)
x#45#13                                             1 	(obj:11)
x#46#44                                             1 	(obj:36)
x#47#47                                             1 	(obj:0)
x#48#48                                             1 	(obj:0)
x#49#41                                             1 	(obj:12)
x#50#47                                             1 	(obj:8)
y#2                                                 1 	(obj:0)
y#3                                                 1 	(obj:0)
y#10                                                1 	(obj:0)
y#13                                                1 	(obj:0)
y#15                                                1 	(obj:0)
y#23                                                1 	(obj:0)
y#24                                                1 	(obj:0)
y#31                                                1 	(obj:0)
y#41                                                1 	(obj:0)
y#44                                                1 	(obj:0)
y#47                                                1 	(obj:0)
y#48                                                1 	(obj:0)

Statistics
==========

Master Program statistics:
SCIP Status        : problem is solved [optimal solution found]
Total Time         :       1.18
  solving          :       1.18
  presolving       :       0.00 (included in solving)
  reading          :       0.00
  copying          :       0.01 (4 #copies) (minimal 0.00, maximal 0.00, average 0.00)
Original Problem   :
  Problem name     : master_/tmp2/yshuang/fin.rag/scipoptsuite-9.2.1/gcg/check/instances/cpmp/p1250-2.lp
  Variables        : 0 (0 binary, 0 integer, 0 implicit integer, 0 continuous)
  Constraints      : 101 initial, 101 maximal
  Objective        : minimize, 0 non-zeros (abs.min = 1e+20, abs.max = -1e+20)
Presolved Problem  :
  Problem name     : t_master_/tmp2/yshuang/fin.rag/scipoptsuite-9.2.1/gcg/check/instances/cpmp/p1250-2.lp
  Variables        : 1571 (0 binary, 1571 integer, 0 implicit integer, 0 continuous)
  Constraints      : 101 initial, 102 maximal
  Objective        : minimize, 1393 non-zeros (abs.min = 4, abs.max = 478)
  Nonzeros         : 0 constraint, 0 clique table
Presolvers         :   ExecTime  SetupTime  Calls  FixedVars   AggrVars   ChgTypes  ChgBounds   AddHoles    DelCons    AddCons   ChgSides   ChgCoefs
  boundshift       :       0.00       0.00      0          0          0          0          0          0          0          0          0          0
  implics          :       0.00       0.00      1          0          0          0          0          0          0          0          0          0
  inttobinary      :       0.00       0.00      0          0          0          0          0          0          0          0          0          0
  roundbound       :       0.00       0.00      1          0          0          0          0          0          0          0          0          0
  dualfix          :       0.00       0.00      1          0          0          0          0          0          0          0          0          0
  genvbounds       :       0.00       0.00      0          0          0          0          0          0          0          0          0          0
  probing          :       0.00       0.00      0          0          0          0          0          0          0          0          0          0
  pseudoobj        :       0.00       0.00      0          0          0          0          0          0          0          0          0          0
  vbounds          :       0.00       0.00      0          0          0          0          0          0          0          0          0          0
  linear           :       0.00       0.00      2          0          0          0          0          0          0          0          0          0
  root node        :          -          -      -        337          -          -        337          -          -          -          -          -
Constraints        :     Number  MaxNumber  #Separate #Propagate    #EnfoLP    #EnfoRelax  #EnfoPS    #Check   #ResProp    Cutoffs    DomReds       Cuts    Applied      Conss   Children
  masterbranch     :          0+         4          0          9          0          0          0          0          0          0        238          0          0          0          0
  integralorig     :          0          0          0          0          4          0          0          8          0          0          0          0          0          0          0
  integral         :          0          0          0          0          4          0          0          8          0          0          0          0          0          0          8
  linear           :        101        101          2         96          0          0          0          8          0          0          0          0          0          0          0
Constraint Timings :  TotalTime  SetupTime   Separate  Propagate     EnfoLP     EnfoPS     EnfoRelax   Check    ResProp    SB-Prop
  masterbranch     :       0.00       0.00       0.00       0.00       0.00       0.00       0.00       0.00       0.00       0.00
  integralorig     :       0.00       0.00       0.00       0.00       0.00       0.00       0.00       0.00       0.00       0.00
  integral         :       0.00       0.00       0.00       0.00       0.00       0.00       0.00       0.00       0.00       0.00
  linear           :       0.00       0.00       0.00       0.00       0.00       0.00       0.00       0.00       0.00       0.00
Propagators        : #Propagate   #ResProp    Cutoffs    DomReds
  dualfix          :          1          0          0          0
  genvbounds       :          0          0          0          0
  probing          :          0          0          0          0
  pseudoobj        :          0          0          0          0
  redcost          :          0          0          0          0
  rootredcost      :          0          0          0          0
  vbounds          :          0          0          0          0
Propagator Timings :  TotalTime  SetupTime   Presolve  Propagate    ResProp    SB-Prop
  dualfix          :       0.00       0.00       0.00       0.00       0.00       0.00
  genvbounds       :       0.00       0.00       0.00       0.00       0.00       0.00
  probing          :       0.00       0.00       0.00       0.00       0.00       0.00
  pseudoobj        :       0.00       0.00       0.00       0.00       0.00       0.00
  redcost          :       0.00       0.00       0.00       0.00       0.00       0.00
  rootredcost      :       0.00       0.00       0.00       0.00       0.00       0.00
  vbounds          :       0.00       0.00       0.00       0.00       0.00       0.00
Conflict Analysis  :       Time      Calls    Success    DomReds  Conflicts   Literals    Reconvs ReconvLits   Dualrays   Nonzeros   LP Iters   (pool size: [--,--])
  propagation      :       0.00          0          0          -          0        0.0          0        0.0          -          -          -
  infeasible LP    :       0.00          0          0          -          0        0.0          0        0.0          0        0.0          0
  bound exceed. LP :       0.00          0          0          -          0        0.0          0        0.0          0        0.0          0
  strong branching :       0.00          0          0          -          0        0.0          0        0.0          -          -          0
  pseudo solution  :       0.00          0          0          -          0        0.0          0        0.0          -          -          -
  applied globally :       0.00          -          -          0          0        0.0          -          -          0          -          -
  applied locally  :          -          -          -          0          0        0.0          -          -          0          -          -
Separators         :   ExecTime  SetupTime      Calls  RootCalls    Cutoffs    DomReds  FoundCuts ViaPoolAdd  DirectAdd    Applied ViaPoolApp  DirectApp      Conss
  cut pool         :       0.00          -          0          0          -          -          0          0          -          -          -          -          -    (maximal pool size:          0)
  basis            :       0.58       0.00          2          1          0          0         36          0         36          3          0          3          0
  master           :       0.26       0.00          4          2          0          0       1169          0       1169          0          0          0          0
Cutselectors       :   ExecTime  SetupTime      Calls  RootCalls   Selected     Forced   Filtered  RootSelec   RootForc   RootFilt 
  hybrid           :       0.01       0.00          2          2         94          0       1111         94          0       1111
Pricers            :   ExecTime  SetupTime      Calls       Vars
  problem variables:       0.00          -        131        779
  gcg              :       0.21       0.00         86       1642
Branching Rules    :   ExecTime  SetupTime   BranchLP  BranchExt   BranchPS    Cutoffs    DomReds       Cuts      Conss   Children
  bpstrong         :       0.00       0.00          0          0          0          0          0          0          0          0
  generic          :       0.00       0.00          0          0          0          0          0          0          0          0
  orig             :       0.00       0.00          4          0          0          0          0          0          0          8
  relpsprob        :       0.00       0.00          0          0          0          0          0          0          0          0
  ryanfoster       :       0.00       0.00          0          0          0          0          0          0          0          0
Primal Heuristics  :   ExecTime  SetupTime      Calls      Found       Best
  LP solutions     :       0.00          -          -          0          0
  relax solutions  :       0.00          -          -          0          0
  pseudo solutions :       0.00          -          -          0          0
  strong branching :       0.00          -          -          0          0
  actconsdiving    :       0.00       0.00          0          0          0
  adaptivediving   :       0.00       0.00          0          0          0
  alns             :       0.00       0.00          0          0          0
  bound            :       0.00       0.00          0          0          0
  clique           :       0.00       0.00          0          0          0
  coefdiving       :       0.00       0.00          0          0          0
  completesol      :       0.00       0.00          0          0          0
  conflictdiving   :       0.00       0.00          0          0          0
  crossover        :       0.00       0.00          0          0          0
  dins             :       0.00       0.00          0          0          0
  distributiondivin:       0.00       0.00          0          0          0
  dps              :       0.00       0.00          0          0          0
  dualval          :       0.00       0.00          0          0          0
  farkasdiving     :       0.01       0.00          1          0          0
  feaspump         :       0.01       0.00          1          0          0
  fixandinfer      :       0.00       0.00          0          0          0
  fracdiving       :       0.00       0.00          0          0          0
  gins             :       0.00       0.00          0          0          0
  greedycolsel     :       0.00       0.00          3          0          0
  guideddiving     :       0.00       0.00          0          0          0
  indicator        :       0.00       0.00          0          0          0
  indicatordiving  :       0.00       0.00          0          0          0
  intdiving        :       0.00       0.00          0          0          0
  intshifting      :       0.00       0.00          0          0          0
  linesearchdiving :       0.00       0.00          0          0          0
  localbranching   :       0.00       0.00          0          0          0
  locks            :       0.00       0.00          0          0          0
  lpface           :       0.00       0.00          0          0          0
  mastercoefdiving :       0.00       0.00          1          0          0
  masterfracdiving :       0.00       0.00          0          0          0
  masterlinesdiving:       0.00       0.00          0          0          0
  mastervecldiving :       0.00       0.00          0          0          0
  mpec             :       0.00       0.00          0          0          0
  multistart       :       0.00       0.00          0          0          0
  mutation         :       0.00       0.00          0          0          0
  nlpdiving        :       0.00       0.00          0          0          0
  objpscostdiving  :       0.00       0.00          0          0          0
  octane           :       0.00       0.00          0          0          0
  ofins            :       0.00       0.00          0          0          0
  oneopt           :       0.00       0.00          2          0          0
  padm             :       0.00       0.00          0          0          0
  proximity        :       0.00       0.00          0          0          0
  pscostdiving     :       0.00       0.00          0          0          0
  randrounding     :       0.00       0.00          2          0          0
  relaxcolsel      :       0.00       0.00          1          0          0
  rens             :       0.01       0.00          1          0          0
  reoptsols        :       0.00       0.00          0          0          0
  repair           :       0.00       0.00          0          0          0
  restmaster       :       0.01       0.00          1          0          0
  rins             :       0.00       0.00          0          0          0
  rootsoldiving    :       0.00       0.00          0          0          0
  rounding         :       0.00       0.00          5          0          0
  scheduler        :       0.00       0.00          0          0          0
  setcover         :       0.00       0.00          0          0          0
  shiftandpropagate:       0.00       0.00          0          0          0
  shifting         :       0.00       0.00          2          0          0
  simplerounding   :       0.00       0.00         69          0          0
  subnlp           :       0.00       0.00          0          0          0
  trivial          :       0.00       0.00          2          0          0
  trivialnegation  :       0.00       0.00          0          0          0
  trustregion      :       0.00       0.00          0          0          0
  trysol           :       0.00       0.00          0          0          0
  twoopt           :       0.00       0.00          0          0          0
  undercover       :       0.00       0.00          0          0          0
  vbounds          :       0.00       0.00          0          0          0
  veclendiving     :       0.00       0.00          0          0          0
  zeroobj          :       0.00       0.00          0          0          0
  zirounding       :       0.00       0.00          4          0          0
  other solutions  :          -          -          -          0          -
LNS (Scheduler)    :      Calls  SetupTime  SolveTime SolveNodes       Sols       Best       Exp3    Exp3-IX  EpsGreedy        UCB TgtFixRate  Opt  Inf Node Stal  Sol  Usr Othr Actv
  rens             :          0       0.00       0.00          0          0          0    0.00000    0.00000   -1.00000    1.00000      0.900    0    0    0    0    0    0    0    0
  rins             :          0       0.00       0.00          0          0          0    0.00000    0.00000   -1.00000    1.00000      0.900    0    0    0    0    0    0    0    0
  mutation         :          0       0.00       0.00          0          0          0    0.00000    0.00000   -1.00000    1.00000      0.900    0    0    0    0    0    0    0    0
  localbranching   :          0       0.00       0.00          0          0          0    0.00000    0.00000   -1.00000    1.00000      0.900    0    0    0    0    0    0    0    0
  crossover        :          0       0.00       0.00          0          0          0    0.00000    0.00000   -1.00000    1.00000      0.900    0    0    0    0    0    0    0    0
  proximity        :          0       0.00       0.00          0          0          0    0.00000    0.00000   -1.00000    1.00000      0.900    0    0    0    0    0    0    0    0
  zeroobjective    :          0       0.00       0.00          0          0          0    0.00000    0.00000   -1.00000    1.00000      0.900    0    0    0    0    0    0    0    0
  dins             :          0       0.00       0.00          0          0          0    0.00000    0.00000   -1.00000    1.00000      0.900    0    0    0    0    0    0    0    0
  trustregion      :          0       0.00       0.00          0          0          0    0.00000    0.00000   -1.00000    1.00000      0.900    0    0    0    0    0    0    0    0
LP                 :       Time      Calls Iterations  Iter/call   Iter/sec  Time-0-It Calls-0-It    ItLimit
  primal LP        :       0.06        136       2446      18.67   42323.46       0.00          5
  dual LP          :       0.01         25        662      66.20   48597.86       0.00         15
  lex dual LP      :       0.00          0          0       0.00          -
  barrier LP       :       0.00          0          0       0.00          -       0.00          0
  resolve instable :       0.00          0          0       0.00          -
  diving/probing LP:       0.01         30        332      11.07          -
  strong branching :       0.00          0          0       0.00          -          -          -          0
    (at root node) :          -          0          0       0.00          -
  conflict analysis:       0.00          0          0       0.00          -
B&B Tree           :
  number of runs   :          1
  nodes            :          9 (4 internal, 5 leaves)
  feasible leaves  :          0
  infeas. leaves   :          5
  objective leaves :          0
  nodes (total)    :          9 (4 internal, 5 leaves)
  nodes left       :          0
  max depth        :          3
  max depth (total):          3
  backtracks       :          1 (11.1%)
  early backtracks :          0 (0.0%)
  nodes exc. ref.  :          0 (0.0%)
  delayed cutoffs  :          0
  repropagations   :          3 (15 domain reductions, 0 cutoffs)
  avg switch length:       2.67
  switching time   :       0.00
Root Node          :
  First LP value   :          -
  First LP Iters   :          0
  First LP Time    :       0.00
  Final Dual Bound : +4.10111208438916e+02
  Final Root Iters :       2154
  Root LP Estimate : +4.10131850419084e+02
Solution           :
  Solutions found  :          4 (2 improvements)
  First Solution   : +2.16800000000000e+03   (in run 1, after 1 nodes, 0.00 seconds, depth 0, found by <relaxation>)
  Gap First Sol.   :   infinite
  Gap Last Sol.    :       0.46 %
  Primal Bound     : +4.12000000000000e+02   (in run 1, after 1 nodes, 0.89 seconds, depth 0, found by <relaxation>)
  Dual Bound       : +4.12000000000000e+02
  Gap              :       0.00 %
Integrals          :      Total       Avg%
  primal-dual      :      74.33      63.01
  primal-ref       :          -          - (not evaluated)
  dual-ref         :          -          - (not evaluated)
Pricing Solver     : #HeurFarkas  #OptFarkas  #HeurRedcost #OptRedcost Time: HeurFarkas  OptFarkas  HeurRedcost OptRedcost
  knapsack         :           0           0             0        3800             0.00       0.00         0.00       0.01 
  mip              :           0           0             0           0             0.00       0.00         0.00       0.00 
Solving Details    :
  time in root node:       0.89

Original Program statistics:
SCIP Status        : problem is solved [optimal solution found]
Total Time         :       1.84
  solving          :       1.81
  presolving       :       0.00 (included in solving)
  reading          :       0.02
  copying          :       0.01 (3 #copies) (minimal 0.00, maximal 0.00, average 0.00)
Original Problem   :
  Problem name     : /tmp2/yshuang/fin.rag/scipoptsuite-9.2.1/gcg/check/instances/cpmp/p1250-2.lp
  Variables        : 2550 (0 binary, 2550 integer, 0 implicit integer, 0 continuous)
  Constraints      : 101 initial, 101 maximal
  Objective        : minimize, 2450 non-zeros (abs.min = 1, abs.max = 131)
Presolved Problem  :
  Problem name     : t_/tmp2/yshuang/fin.rag/scipoptsuite-9.2.1/gcg/check/instances/cpmp/p1250-2.lp
  Variables        : 2550 (2550 binary, 0 integer, 0 implicit integer, 0 continuous)
  Constraints      : 101 initial, 102 maximal
  Objective        : minimize, 2450 non-zeros (abs.min = 1, abs.max = 131)
  Nonzeros         : 5100 constraint, 0 clique table
Presolvers         :   ExecTime  SetupTime  Calls  FixedVars   AggrVars   ChgTypes  ChgBounds   AddHoles    DelCons    AddCons   ChgSides   ChgCoefs
  boundshift       :       0.00       0.00      0          0          0          0          0          0          0          0          0          0
  convertinttobin  :       0.00       0.00      0          0          0          0          0          0          0          0          0          0
  domcol           :       0.00       0.00      0          0          0          0          0          0          0          0          0          0
  dualagg          :       0.00       0.00      0          0          0          0          0          0          0          0          0          0
  dualcomp         :       0.00       0.00      0          0          0          0          0          0          0          0          0          0
  dualinfer        :       0.00       0.00      0          0          0          0          0          0          0          0          0          0
  dualsparsify     :       0.00       0.00      0          0          0          0          0          0          0          0          0          0
  implics          :       0.00       0.00      0          0          0          0          0          0          0          0          0          0
  inttobinary      :       0.00       0.00      0          0          0          0          0          0          0          0          0          0
  redvub           :       0.00       0.00      0          0          0          0          0          0          0          0          0          0
  sparsify         :       0.00       0.00      0          0          0          0          0          0          0          0          0          0
  stuffing         :       0.00       0.00      0          0          0          0          0          0          0          0          0          0
  trivial          :       0.00       0.00      0          0          0          0          0          0          0          0          0          0
  tworowbnd        :       0.00       0.00      0          0          0          0          0          0          0          0          0          0
  dualfix          :       0.00       0.00      0          0          0          0          0          0          0          0          0          0
  genvbounds       :       0.00       0.00      0          0          0          0          0          0          0          0          0          0
  probing          :       0.00       0.00      0          0          0          0          0          0          0          0          0          0
  pseudoobj        :       0.00       0.00      0          0          0          0          0          0          0          0          0          0
  vbounds          :       0.00       0.00      0          0          0          0          0          0          0          0          0          0
  linear           :       0.00       0.00      0          0          0          0          0          0          0          0          0          0
  root node        :          -          -      -        294          -          -        294          -          -          -          -          -
Constraints        :     Number  MaxNumber  #Separate #Propagate    #EnfoLP    #EnfoRelax  #EnfoPS    #Check   #ResProp    Cutoffs    DomReds       Cuts    Applied      Conss   Children
  origbranch       :          0+         4          0          0          0          0          0          0          0          0          0          0          0          0          0
  integral         :          0          0          0          0          1          3          0         52          0          0          0          0          0          0          8
  decomp           :          0          0          0          0          0          0          0         36          0          0          0          0          0          0          0
  linear           :        101        101         23       2855          0          0          0         31          0          0        179        218         23          0          0
Constraint Timings :  TotalTime  SetupTime   Separate  Propagate     EnfoLP     EnfoPS     EnfoRelax   Check    ResProp    SB-Prop
  origbranch       :       0.00       0.00       0.00       0.00       0.00       0.00       0.00       0.00       0.00       0.00
  integral         :       0.00       0.00       0.00       0.00       0.00       0.00       0.00       0.00       0.00       0.00
  decomp           :       0.00       0.00       0.00       0.00       0.00       0.00       0.00       0.00       0.00       0.00
  linear           :       0.07       0.00       0.06       0.01       0.00       0.00       0.00       0.00       0.00       0.00
Propagators        : #Propagate   #ResProp    Cutoffs    DomReds
  dualfix          :          4          0          0          0
  genvbounds       :          0          0          0          0
  nlobbt           :          0          0          0          0
  obbt             :          0          0          0          0
  probing          :          0          0          0          0
  pseudoobj        :         28          0          0          0
  redcost          :          7          0          0        211
  rootredcost      :          1          0          0          0
  vbounds          :          0          0          0          0
Propagator Timings :  TotalTime  SetupTime   Presolve  Propagate    ResProp    SB-Prop
  dualfix          :       0.00       0.00       0.00       0.00       0.00       0.00
  genvbounds       :       0.00       0.00       0.00       0.00       0.00       0.00
  nlobbt           :       0.00       0.00       0.00       0.00       0.00       0.00
  obbt             :       0.00       0.00       0.00       0.00       0.00       0.00
  probing          :       0.00       0.00       0.00       0.00       0.00       0.00
  pseudoobj        :       0.00       0.00       0.00       0.00       0.00       0.00
  redcost          :       0.00       0.00       0.00       0.00       0.00       0.00
  rootredcost      :       0.00       0.00       0.00       0.00       0.00       0.00
  vbounds          :       0.00       0.00       0.00       0.00       0.00       0.00
Conflict Analysis  :       Time      Calls    Success    DomReds  Conflicts   Literals    Reconvs ReconvLits   Dualrays   Nonzeros   LP Iters   (pool size: [--,--])
  propagation      :       0.00          0          0          -          0        0.0          0        0.0          -          -          -
  infeasible LP    :       0.00          0          0          -          0        0.0          0        0.0          0        0.0          0
  bound exceed. LP :       0.00          0          0          -          0        0.0          0        0.0          0        0.0          0
  strong branching :       0.00          0          0          -          0        0.0          0        0.0          -          -          0
  pseudo solution  :       0.00          0          0          -          0        0.0          0        0.0          -          -          -
  applied globally :       0.00          -          -          0          0        0.0          -          -          0          -          -
  applied locally  :          -          -          -          0          0        0.0          -          -          0          -          -
Separators         :   ExecTime  SetupTime      Calls  RootCalls    Cutoffs    DomReds  FoundCuts ViaPoolAdd  DirectAdd    Applied ViaPoolApp  DirectApp      Conss
  cut pool         :       0.05          -         65         63          -          -       1205       3976          -          -          -          -          -    (maximal pool size:       1205)
  aggregation      :       0.10       0.00         23         23          0          0        296        690          0        168        168          0          0
  > cmir           :          -          -          -          -          -          -          -        513          0         43         43          0          -
  > flowcover      :          -          -          -          -          -          -          -         30          0          4          4          0          -
  > knapsackcover  :          -          -          -          -          -          -          -        147          0        121        121          0          -
  cgmip            :       0.00       0.00          0          0          0          0          0          0          0          0          0          0          0
  clique           :       0.00       0.00          1          1          0          0          0          0          0          0          0          0          0
  closecuts        :       0.00       0.00          0          0          0          0          0          0          0          0          0          0          0
  convexproj       :       0.00       0.00          0          0          0          0          0          0          0          0          0          0          0
  disjunctive      :       0.00       0.00          0          0          0          0          0          0          0          0          0          0          0
  eccuts           :       0.00       0.00          0          0          0          0          0          0          0          0          0          0          0
  gomory           :       0.20       0.00         10         10          0          0        810       3036          0        131        131          0          0
  > gomorymi       :          -          -          -          -          -          -          -       1719          0        113        113          0          -
  > strongcg       :          -          -          -          -          -          -          -       1317          0         18         18          0          -
  impliedbounds    :       0.00       0.00         23         23          0          0          0          0          0          0          0          0          0
  interminor       :       0.00       0.00          0          0          0          0          0          0          0          0          0          0          0
  intobj           :       0.00       0.00          0          0          0          0          0          0          0          0          0          0          0
  lagromory        :       0.00       0.00          0          0          0          0          0          0          0          0          0          0          0
  mcf              :       0.00       0.00          1          1          0          0          0          0          0          0          0          0          0
  minor            :       0.00       0.00          0          0          0          0          0          0          0          0          0          0          0
  mixing           :       0.00       0.00          0          0          0          0          0          0          0          0          0          0          0
  oddcycle         :       0.00       0.00          0          0          0          0          0          0          0          0          0          0          0
  rapidlearning    :       0.00       0.00          0          0          0          0          0          0          0          0          0          0          0
  zerohalf         :       0.02       0.00         20         20          0          0         65        214          0          6          6          0          0
Cutselectors       :   ExecTime  SetupTime      Calls  RootCalls   Selected     Forced   Filtered  RootSelec   RootForc   RootFilt 
  hybrid           :       0.01       0.00         22          2        347          0       3817         92          0       1753
Pricers            :   ExecTime  SetupTime      Calls       Vars
  problem variables:       0.00          -          0          0
Branching Rules    :   ExecTime  SetupTime   BranchLP  BranchExt   BranchPS    Cutoffs    DomReds       Cuts      Conss   Children
  empty            :       0.00       0.00          1          3          0          0          0          0          0          8
Primal Heuristics  :   ExecTime  SetupTime      Calls      Found       Best
  LP solutions     :       0.00          -          -          0          0
  relax solutions  :       0.00          -          -          0          0
  pseudo solutions :       0.00          -          -          0          0
  strong branching :       0.00          -          -          0          0
  actconsdiving    :       0.00       0.00          0          0          0
  adaptivediving   :       0.00       0.00          0          0          0
  alns             :       0.01       0.00          1          0          0
  bound            :       0.00       0.00          0          0          0
  clique           :       0.00       0.00          0          0          0
  coefdiving       :       0.00       0.00          0          0          0
  completesol      :       0.00       0.00          0          0          0
  conflictdiving   :       0.00       0.00          0          0          0
  crossover        :       0.00       0.00          0          0          0
  dins             :       0.00       0.00          0          0          0
  distributiondivin:       0.00       0.00          0          0          0
  dps              :       0.00       0.00          0          0          0
  dualval          :       0.00       0.00          0          0          0
  farkasdiving     :       0.18       0.00          1          0          0
  feaspump         :       0.01       0.00          1          0          0
  fixandinfer      :       0.00       0.00          0          0          0
  fracdiving       :       0.00       0.00          0          0          0
  gcgcoefdiving    :       0.00       0.00          1          0          0
  gcgdins          :       0.00       0.00          0          0          0
  gcgfeaspump      :       0.00       0.00          0          0          0
  gcgfracdiving    :       0.00       0.00          0          0          0
  gcgguideddiving  :       0.00       0.00          0          0          0
  gcglinesdiving   :       0.00       0.00          0          0          0
  gcgpscostdiving  :       0.00       0.00          1          0          0
  gcgrens          :       0.01       0.00          1          1          1
  gcgrins          :       0.00       0.00          0          0          0
  gcgrounding      :       0.00       0.00          4          0          0
  gcgshifting      :       0.00       0.00          1          0          0
  gcgsimplerounding:       0.00       0.00          0          0          0
  gcgveclendiving  :       0.00       0.00          0          0          0
  gcgzirounding    :       0.00       0.00          0          0          0
  gins             :       0.00       0.00          0          0          0
  guideddiving     :       0.00       0.00          0          0          0
  indicator        :       0.00       0.00          0          0          0
  indicatordiving  :       0.00       0.00          0          0          0
  intdiving        :       0.00       0.00          0          0          0
  intshifting      :       0.00       0.00          0          0          0
  linesearchdiving :       0.00       0.00          0          0          0
  localbranching   :       0.00       0.00          0          0          0
  locks            :       0.01       0.00          1          1          1
  lpface           :       0.00       0.00          0          0          0
  mpec             :       0.00       0.00          0          0          0
  multistart       :       0.00       0.00          0          0          0
  mutation         :       0.00       0.00          0          0          0
  nlpdiving        :       0.00       0.00          0          0          0
  objpscostdiving  :       0.00       0.00          0          0          0
  octane           :       0.00       0.00          0          0          0
  ofins            :       0.00       0.00          0          0          0
  oneopt           :       0.00       0.00          2          0          0
  padm             :       0.00       0.00          0          0          0
  proximity        :       0.00       0.00          0          0          0
  pscostdiving     :       0.00       0.00          0          0          0
  randrounding     :       0.01       0.00          4          0          0
  rens             :       0.01       0.00          1          0          0
  reoptsols        :       0.00       0.00          0          0          0
  repair           :       0.00       0.00          0          0          0
  rins             :       0.00       0.00          0          0          0
  rootsoldiving    :       0.00       0.00          0          0          0
  rounding         :       0.00       0.00          4          0          0
  scheduler        :       0.00       0.00          0          0          0
  shiftandpropagate:       0.00       0.00          0          0          0
  shifting         :       0.00       0.00          4          0          0
  simplerounding   :       0.00       0.00          0          0          0
  subnlp           :       0.00       0.00          0          0          0
  trivial          :       0.00       0.00          2          0          0
  trivialnegation  :       0.00       0.00          0          0          0
  trustregion      :       0.00       0.00          0          0          0
  trysol           :       0.00       0.00          0          0          0
  twoopt           :       0.00       0.00          0          0          0
  undercover       :       0.00       0.00          0          0          0
  vbounds          :       0.00       0.00          0          0          0
  veclendiving     :       0.00       0.00          0          0          0
  xpcrossover      :       0.13       0.00          1          0          0
  xprins           :       0.10       0.00          1          1          0
  zeroobj          :       0.00       0.00          0          0          0
  zirounding       :       0.00       0.00          1          0          0
  other solutions  :          -          -          -          0          -
LNS (Scheduler)    :      Calls  SetupTime  SolveTime SolveNodes       Sols       Best       Exp3    Exp3-IX  EpsGreedy        UCB TgtFixRate  Opt  Inf Node Stal  Sol  Usr Othr Actv
  rens             :          0       0.00       0.00          0          0          0    0.00000    0.12500   -1.00000    1.00000      0.900    0    0    0    0    0    0    0    1
  rins             :          0       0.00       0.00          0          0          0    0.00000    0.12500   -1.00000    1.00000      0.900    0    0    0    0    0    0    0    1
  mutation         :          0       0.00       0.00          0          0          0    0.00000    0.12500   -1.00000    1.00000      0.900    0    0    0    0    0    0    0    1
  localbranching   :          0       0.00       0.00          0          0          0    0.00000    0.12500   -1.00000    1.00000      0.900    0    0    0    0    0    0    0    1
  crossover        :          0       0.00       0.00          0          0          0    0.00000    0.12500   -1.00000    1.00000      0.900    0    0    0    0    0    0    0    1
  proximity        :          0       0.00       0.00          0          0          0    0.00000    0.12500   -1.00000    1.00000      0.900    0    0    0    0    0    0    0    1
  zeroobjective    :          0       0.00       0.00          0          0          0    0.00000    0.12500   -1.00000    1.00000      0.900    0    0    0    0    0    0    0    1
  dins             :          0       0.00       0.00          0          0          0    0.00000    0.12500   -1.00000    1.00000      0.900    0    0    0    0    0    0    0    1
  trustregion      :          0       0.00       0.00          0          0          0    0.00000    0.00000   -1.00000    1.00000      0.900    0    0    0    0    0    0    0    0
LP                 :       Time      Calls Iterations  Iter/call   Iter/sec  Time-0-It Calls-0-It    ItLimit
  primal LP        :       0.00          1          0       0.00          -       0.00          1
  dual LP          :       0.01          4        308     102.67          -       0.00          1
  lex dual LP      :       0.00          0          0       0.00          -
  barrier LP       :       0.00          0          0       0.00          -       0.00          0
  resolve instable :       0.00          0          0       0.00          -
  diving/probing LP:       0.23        327       1558       4.76    6844.23
  strong branching :       0.00          0          0       0.00          -          -          -          0
    (at root node) :          -          0          0       0.00          -
  conflict analysis:       0.00          0          0       0.00          -
Relaxators         :       Time      Calls    Cutoffs ImprBounds   ImprTime ReducedDom  Separated AddedConss
  gcg              :       1.18          9          5          1       1.06          0          0          0
B&B Tree           :
  number of runs   :          1
  nodes            :          9 (4 internal, 5 leaves)
  feasible leaves  :          0
  infeas. leaves   :          5
  objective leaves :          0
  nodes (total)    :          9 (4 internal, 5 leaves)
  nodes left       :          0
  max depth        :          3
  max depth (total):          3
  backtracks       :          1 (11.1%)
  early backtracks :          0 (0.0%)
  nodes exc. ref.  :          0 (0.0%)
  delayed cutoffs  :          0
  repropagations   :          1 (0 domain reductions, 0 cutoffs)
  avg switch length:       2.44
  switching time   :       0.00
Root Node          :
  First LP value   : +0.00000000000000e+00
  First LP Iters   :        110 (99099.10 Iter/sec)
  First LP Time    :       0.00
  Final Dual Bound : +4.10111208438916e+02
  Final Root Iters :        308
  Root LP Estimate : +3.41979517740153e+02
Solution           :
  Solutions found  :          4 (2 improvements)
  First Solution   : +2.16800000000000e+03   (in run 1, after 1 nodes, 0.16 seconds, depth 2243, found by <locks>)
  Gap First Sol.   :   infinite
  Gap Last Sol.    :       0.46 %
  Primal Bound     : +4.12000000000000e+02   (in run 1, after 1 nodes, 1.25 seconds, depth 0, found by <gcgrens>)
  Dual Bound       : +4.12000000000000e+02
  Gap              :       0.00 %

Simplex iterations :       iter
  Master LP        :       3440
  Pricing LP       :          0
  Original LP      :       1866

Detector statistics:       time     #decompositions   #complete decompositions
  constype         :       0.00                   0                          0
  postprocess      :       0.00                   0                          0
  consclass        :       0.00                   0                          0
  densemasterconss :       0.00                   0                          0
  neighborhoodmast :       0.00                   0                          0
  stairheur        :       0.00                   0                          0
  staircase_lsp    :       0.00                   0                          0
  dbscan           :       0.00                   0                          0
  mst              :       0.00                   0                          0
  compgreedily     :       0.00                   0                          0
  mastersetcover   :       0.00                   0                          0
  mastersetpack    :       0.00                   0                          0
  mastersetpart    :       0.00                   0                          0
  connectedbase    :       0.00                   0                          0
  connected_nonewl :       0.00                   0                          0
  generalmasterset :       0.00                   0                          0
  generalmasterset :       0.00                   0                          0
  generalmasterset :       0.00                   0                          0
  varclass         :       0.00                   0                          0

Decomp statistics  :
  type             :   bordered
  detector         :          U
  blocks           :         50
  aggr. blocks     :         50
Master statistics  :  nlinkvars  nstatvars  nbinvars  nintvars nimplvars  ncontvars   nconss  nonzeros intnzeros   bnzeros bintnzeros min(dens) max(dens) medi(dens) mean(dens)
  master           :          0          0         0         0         0          0       51      2550      2550         0          0     0.020     0.020      0.020     0.020
Pricing statistics :      nvars   nbinvars   nintvars  nimplvars  ncontvars     nconss   nonzeros  intnzeros  min(dens)  max(dens) medi(dens) mean(dens)  identical
          1        :         51         51          0          0          0          1         51         51      1.000      1.000      1.000      1.000          1
          2        :         51         51          0          0          0          1         51         51      1.000      1.000      1.000      1.000          1
          3        :         51         51          0          0          0          1         51         51      1.000      1.000      1.000      1.000          1
          4        :         51         51          0          0          0          1         51         51      1.000      1.000      1.000      1.000          1
          5        :         51         51          0          0          0          1         51         51      1.000      1.000      1.000      1.000          1
          6        :         51         51          0          0          0          1         51         51      1.000      1.000      1.000      1.000          1
          7        :         51         51          0          0          0          1         51         51      1.000      1.000      1.000      1.000          1
          8        :         51         51          0          0          0          1         51         51      1.000      1.000      1.000      1.000          1
          9        :         51         51          0          0          0          1         51         51      1.000      1.000      1.000      1.000          1
         10        :         51         51          0          0          0          1         51         51      1.000      1.000      1.000      1.000          1
         11        :         51         51          0          0          0          1         51         51      1.000      1.000      1.000      1.000          1
         12        :         51         51          0          0          0          1         51         51      1.000      1.000      1.000      1.000          1
         13        :         51         51          0          0          0          1         51         51      1.000      1.000      1.000      1.000          1
         14        :         51         51          0          0          0          1         51         51      1.000      1.000      1.000      1.000          1
         15        :         51         51          0          0          0          1         51         51      1.000      1.000      1.000      1.000          1
         16        :         51         51          0          0          0          1         51         51      1.000      1.000      1.000      1.000          1
         17        :         51         51          0          0          0          1         51         51      1.000      1.000      1.000      1.000          1
         18        :         51         51          0          0          0          1         51         51      1.000      1.000      1.000      1.000          1
         19        :         51         51          0          0          0          1         51         51      1.000      1.000      1.000      1.000          1
         20        :         51         51          0          0          0          1         51         51      1.000      1.000      1.000      1.000          1
         21        :         51         51          0          0          0          1         51         51      1.000      1.000      1.000      1.000          1
         22        :         51         51          0          0          0          1         51         51      1.000      1.000      1.000      1.000          1
         23        :         51         51          0          0          0          1         51         51      1.000      1.000      1.000      1.000          1
         24        :         51         51          0          0          0          1         51         51      1.000      1.000      1.000      1.000          1
         25        :         51         51          0          0          0          1         51         51      1.000      1.000      1.000      1.000          1
         26        :         51         51          0          0          0          1         51         51      1.000      1.000      1.000      1.000          1
         27        :         51         51          0          0          0          1         51         51      1.000      1.000      1.000      1.000          1
         28        :         51         51          0          0          0          1         51         51      1.000      1.000      1.000      1.000          1
         29        :         51         51          0          0          0          1         51         51      1.000      1.000      1.000      1.000          1
         30        :         51         51          0          0          0          1         51         51      1.000      1.000      1.000      1.000          1
         31        :         51         51          0          0          0          1         51         51      1.000      1.000      1.000      1.000          1
         32        :         51         51          0          0          0          1         51         51      1.000      1.000      1.000      1.000          1
         33        :         51         51          0          0          0          1         51         51      1.000      1.000      1.000      1.000          1
         34        :         51         51          0          0          0          1         51         51      1.000      1.000      1.000      1.000          1
         35        :         51         51          0          0          0          1         51         51      1.000      1.000      1.000      1.000          1
         36        :         51         51          0          0          0          1         51         51      1.000      1.000      1.000      1.000          1
         37        :         51         51          0          0          0          1         51         51      1.000      1.000      1.000      1.000          1
         38        :         51         51          0          0          0          1         51         51      1.000      1.000      1.000      1.000          1
         39        :         51         51          0          0          0          1         51         51      1.000      1.000      1.000      1.000          1
         40        :         51         51          0          0          0          1         51         51      1.000      1.000      1.000      1.000          1
         41        :         51         51          0          0          0          1         51         51      1.000      1.000      1.000      1.000          1
         42        :         51         51          0          0          0          1         51         51      1.000      1.000      1.000      1.000          1
         43        :         51         51          0          0          0          1         51         51      1.000      1.000      1.000      1.000          1
         44        :         51         51          0          0          0          1         51         51      1.000      1.000      1.000      1.000          1
         45        :         51         51          0          0          0          1         51         51      1.000      1.000      1.000      1.000          1
         46        :         51         51          0          0          0          1         51         51      1.000      1.000      1.000      1.000          1
         47        :         51         51          0          0          0          1         51         51      1.000      1.000      1.000      1.000          1
         48        :         51         51          0          0          0          1         51         51      1.000      1.000      1.000      1.000          1
         49        :         51         51          0          0          0          1         51         51      1.000      1.000      1.000      1.000          1
         50        :         51         51          0          0          0          1         51         51      1.000      1.000      1.000      1.000          1
Decomp Scores      :
  border area      :      0.510
  avg. density     :      0.000
  linking score    :      0.500

Score statistics:
  Total Time       :       0.00

Validation         : Success
  cons violation   :          0
  primal violation :          0 (reference:  4.120000000e+02)
  dual violation   :          0 (reference:  4.120000000e+02)
<end of output>
Test time =   1.95 sec
----------------------------------------------------------
Test Pass Reason:
Required regular expression found. Regex=[Validation         : Success]
"GCG-CPMP-default-p1250-2.lp" end time: Mar 21 01:19 CST
"GCG-CPMP-default-p1250-2.lp" time elapsed: 00:00:01
----------------------------------------------------------

14/15 Testing: GCG-MKP-default-strong_s_75_15_14.lp
14/15 Test: GCG-MKP-default-strong_s_75_15_14.lp
Command: "/tmp2/yshuang/fin.rag/scipoptsuite-9.2.1/build/bin/gcg" "-f" "/tmp2/yshuang/fin.rag/scipoptsuite-9.2.1/gcg/check/instances/mkp/strong_s_75_15_14.lp" "-s" "/tmp2/yshuang/fin.rag/scipoptsuite-9.2.1/gcg/settings/default.set" "-o" "-7158" "-7158"
Directory: /tmp2/yshuang/fin.rag/scipoptsuite-9.2.1/build/gcg/check
"GCG-MKP-default-strong_s_75_15_14.lp" start time: Mar 21 01:19 CST
Output:
----------------------------------------------------------
GCG version 3.7.1 [GitHash: 18cfd394]
Copyright (C) 2010-2025 Operations Research, RWTH Aachen University
                        Konrad-Zuse-Zentrum fuer Informationstechnik Berlin (ZIB)

SCIP version 9.2.1 [precision: 8 byte] [memory: block] [mode: optimized] [LP solver: Soplex 7.1.3] [GitHash: 0d2d3c7c2d]
Copyright (c) 2002-2025 Zuse Institute Berlin (ZIB)

External libraries: 
  Readline 8.1         GNU library for command line editing (gnu.org/s/readline)
  Soplex 7.1.3         Linear Programming Solver developed at Zuse Institute Berlin (soplex.zib.de) [GitHash: 60fd96f2]
  CppAD 20180000.0     Algorithmic Differentiation of C++ algorithms developed by B. Bell (github.com/coin-or/CppAD)
  ZLIB 1.2.11          General purpose compression library by J. Gailly and M. Adler (zlib.net)
  nauty 2.8.8 (32 bits) A Tool for Computing Automorphism Groups of Graphs by B.D. McKay and A. Piperno (https://pallini.di.uniroma1.it/)

user parameter file </tmp2/yshuang/fin.rag/scipoptsuite-9.2.1/gcg/settings/default.set> not found - using default parameters

read problem </tmp2/yshuang/fin.rag/scipoptsuite-9.2.1/gcg/check/instances/mkp/strong_s_75_15_14.lp>
============

original problem has 1125 variables (0 bin, 1125 int, 0 impl, 0 cont) and 90 constraints

solve problem
=============

feasible solution found by trivial heuristic after 0.0 seconds, objective value 0.000000e+00
presolving:
(round 1, fast)       399 del vars, 2 del conss, 0 add conss, 399 chg bounds, 17 chg sides, 17 chg coeffs, 0 upgd conss, 0 impls, 282 clqs
(round 2, exhaustive) 399 del vars, 2 del conss, 0 add conss, 399 chg bounds, 17 chg sides, 17 chg coeffs, 88 upgd conss, 0 impls, 282 clqs
(round 3, fast)       622 del vars, 10 del conss, 0 add conss, 399 chg bounds, 21 chg sides, 50 chg coeffs, 88 upgd conss, 0 impls, 230 clqs
(round 4, fast)       689 del vars, 30 del conss, 12 add conss, 399 chg bounds, 71 chg sides, 422 chg coeffs, 88 upgd conss, 0 impls, 207 clqs
(round 5, fast)       755 del vars, 41 del conss, 15 add conss, 399 chg bounds, 93 chg sides, 610 chg coeffs, 88 upgd conss, 0 impls, 170 clqs
(round 6, fast)       870 del vars, 58 del conss, 21 add conss, 399 chg bounds, 112 chg sides, 820 chg coeffs, 88 upgd conss, 0 impls, 122 clqs
(round 7, fast)       919 del vars, 94 del conss, 47 add conss, 399 chg bounds, 128 chg sides, 954 chg coeffs, 88 upgd conss, 0 impls, 93 clqs
(round 8, fast)       958 del vars, 106 del conss, 54 add conss, 399 chg bounds, 128 chg sides, 971 chg coeffs, 88 upgd conss, 0 impls, 76 clqs
(round 9, fast)       994 del vars, 111 del conss, 55 add conss, 399 chg bounds, 136 chg sides, 1015 chg coeffs, 88 upgd conss, 0 impls, 58 clqs
(round 10, fast)       1026 del vars, 119 del conss, 60 add conss, 399 chg bounds, 136 chg sides, 1015 chg coeffs, 88 upgd conss, 0 impls, 38 clqs
(round 11, fast)       1055 del vars, 121 del conss, 60 add conss, 399 chg bounds, 136 chg sides, 1015 chg coeffs, 88 upgd conss, 0 impls, 32 clqs
(round 12, fast)       1125 del vars, 148 del conss, 60 add conss, 399 chg bounds, 136 chg sides, 1015 chg coeffs, 88 upgd conss, 0 impls, 0 clqs
presolving (13 rounds: 13 fast, 2 medium, 2 exhaustive):
 1125 deleted vars, 150 deleted constraints, 60 added constraints, 399 tightened bounds, 0 added holes, 136 changed sides, 1015 changed coefficients
 0 implications, 0 cliques
transformed 1/2 original solutions to the transformed problem space

A Dantzig-Wolfe reformulation is applied to solve the original problem.
Presolving Time: 0.01

SCIP Status        : problem is solved [optimal solution found]
Solving Time (sec) : 0.01
Solving Nodes      : 0
Primal Bound       : -7.15800000000000e+03 (2 solutions)
Dual Bound         : -7.15800000000000e+03
Gap                : 0.00 %
Problem is already solved

primal solution:
================

objective value:                                -7158
x#1#23                                              1 	(obj:-512)
x#2#17                                              1 	(obj:-826)
x#3#30                                              1 	(obj:-49)
x#4#19                                              1 	(obj:-26)
x#5#38                                              1 	(obj:-172)
x#6#25                                              1 	(obj:-662)
x#7#5                                               1 	(obj:-948)
x#8#21                                              1 	(obj:-743)
x#9#22                                              1 	(obj:-812)
x#10#30                                             1 	(obj:-35)
x#11#48                                             1 	(obj:-839)
x#12#26                                             1 	(obj:-704)
x#13#24                                             1 	(obj:-256)
x#14#28                                             1 	(obj:-198)
x#15#66                                             1 	(obj:-376)

Statistics
==========

Master Program statistics:
SCIP Status        : initialization

Original Program statistics:
SCIP Status        : problem is solved [optimal solution found]
Total Time         :       0.01
  solving          :       0.01
  presolving       :       0.01 (included in solving)
  reading          :       0.00
  copying          :       0.00 (0 times copied the problem)
Original Problem   :
  Problem name     : /tmp2/yshuang/fin.rag/scipoptsuite-9.2.1/gcg/check/instances/mkp/strong_s_75_15_14.lp
  Variables        : 1125 (0 binary, 1125 integer, 0 implicit integer, 0 continuous)
  Constraints      : 90 initial, 90 maximal
  Objective        : minimize, 1125 non-zeros (abs.min = 26, abs.max = 948)
Presolved Problem  :
  Problem name     : t_/tmp2/yshuang/fin.rag/scipoptsuite-9.2.1/gcg/check/instances/mkp/strong_s_75_15_14.lp
  Variables        : 0 (0 binary, 0 integer, 0 implicit integer, 0 continuous)
  Constraints      : 0 initial, 0 maximal
  Objective        : minimize, 0 non-zeros (abs.min = 1e+20, abs.max = -1e+20)
  Nonzeros         : 0 constraint, 0 clique table
Presolvers         :   ExecTime  SetupTime  Calls  FixedVars   AggrVars   ChgTypes  ChgBounds   AddHoles    DelCons    AddCons   ChgSides   ChgCoefs
  boundshift       :       0.00       0.00      0          0          0          0          0          0          0          0          0          0
  convertinttobin  :       0.00       0.00      0          0          0          0          0          0          0          0          0          0
  domcol           :       0.00       0.00      1          0          0          0          0          0          0          0          0          0
  dualagg          :       0.00       0.00      0          0          0          0          0          0          0          0          0          0
  dualcomp         :       0.00       0.00      0          0          0          0          0          0          0          0          0          0
  dualinfer        :       0.00       0.00      0          0          0          0          0          0          0          0          0          0
  dualsparsify     :       0.00       0.00      1          0          0          0          0          0          0          0          0          0
  implics          :       0.00       0.00      2          0          0          0          0          0          0          0          0          0
  inttobinary      :       0.00       0.00      0          0          0          0          0          0          0          0          0          0
  redvub           :       0.00       0.00      0          0          0          0          0          0          0          0          0          0
  sparsify         :       0.00       0.00      1          0          0          0          0          0          0          0          0          0
  stuffing         :       0.00       0.00      0          0          0          0          0          0          0          0          0          0
  trivial          :       0.00       0.00     13          0          0          0          0          0          0          0          0          0
  tworowbnd        :       0.00       0.00      0          0          0          0          0          0          0          0          0          0
  dualfix          :       0.00       0.00     13          0          0          0          0          0          0          0          0          0
  genvbounds       :       0.00       0.00      0          0          0          0          0          0          0          0          0          0
  probing          :       0.00       0.00      0          0          0          0          0          0          0          0          0          0
  pseudoobj        :       0.00       0.00     12          0          0          0          0          0          0          0          0          0
  vbounds          :       0.00       0.00      1          0          0          0          0          0          0          0          0          0
  knapsack         :       0.00       0.00      8          0          0          0          0          0         68         60        119        998
  setppc           :       0.00       0.00     11        726          0          0          0          0         78          0          0          0
  linear           :       0.00       0.00      3        399          0          0        399          0          2          0         17         17
  logicor          :       0.00       0.00      1          0          0          0          0          0          2          0          0          0
  root node        :          -          -      -          0          -          -          0          -          -          -          -          -
Constraints        :     Number  MaxNumber  #Separate #Propagate    #EnfoLP    #EnfoRelax  #EnfoPS    #Check   #ResProp    Cutoffs    DomReds       Cuts    Applied      Conss   Children
  integral         :          0          0          0          0          0          0          0          5          0          0          0          0          0          0          0
  decomp           :          0          0          0          0          0          0          0          5          0          0          0          0          0          0          0
Constraint Timings :  TotalTime  SetupTime   Separate  Propagate     EnfoLP     EnfoPS     EnfoRelax   Check    ResProp    SB-Prop
  integral         :       0.00       0.00       0.00       0.00       0.00       0.00       0.00       0.00       0.00       0.00
  decomp           :       0.00       0.00       0.00       0.00       0.00       0.00       0.00       0.00       0.00       0.00
Propagators        : #Propagate   #ResProp    Cutoffs    DomReds
  dualfix          :          0          0          0          0
  genvbounds       :          0          0          0          0
  nlobbt           :          0          0          0          0
  obbt             :          0          0          0          0
  probing          :          0          0          0          0
  pseudoobj        :          0          0          0          0
  redcost          :          0          0          0          0
  rootredcost      :          0          0          0          0
  vbounds          :          0          0          0          0
Propagator Timings :  TotalTime  SetupTime   Presolve  Propagate    ResProp    SB-Prop
  dualfix          :       0.00       0.00       0.00       0.00       0.00       0.00
  genvbounds       :       0.00       0.00       0.00       0.00       0.00       0.00
  nlobbt           :       0.00       0.00       0.00       0.00       0.00       0.00
  obbt             :       0.00       0.00       0.00       0.00       0.00       0.00
  probing          :       0.00       0.00       0.00       0.00       0.00       0.00
  pseudoobj        :       0.00       0.00       0.00       0.00       0.00       0.00
  redcost          :       0.00       0.00       0.00       0.00       0.00       0.00
  rootredcost      :       0.00       0.00       0.00       0.00       0.00       0.00
  vbounds          :       0.00       0.00       0.00       0.00       0.00       0.00
Conflict Analysis  :       Time      Calls    Success    DomReds  Conflicts   Literals    Reconvs ReconvLits   Dualrays   Nonzeros   LP Iters   (pool size: [--,--])
  propagation      :       0.00          0          0          -          0        0.0          0        0.0          -          -          -
  infeasible LP    :       0.00          0          0          -          0        0.0          0        0.0          0        0.0          0
  bound exceed. LP :       0.00          0          0          -          0        0.0          0        0.0          0        0.0          0
  strong branching :       0.00          0          0          -          0        0.0          0        0.0          -          -          0
  pseudo solution  :       0.00          0          0          -          0        0.0          0        0.0          -          -          -
  applied globally :       0.00          -          -          0          0        0.0          -          -          0          -          -
  applied locally  :          -          -          -          0          0        0.0          -          -          0          -          -
Separators         :   ExecTime  SetupTime      Calls  RootCalls    Cutoffs    DomReds  FoundCuts ViaPoolAdd  DirectAdd    Applied ViaPoolApp  DirectApp      Conss
  cut pool         :       0.00          -          0          0          -          -          0          0          -          -          -          -          -    (maximal pool size:          0)
  aggregation      :       0.00       0.00          0          0          0          0          0          0          0          0          0          0          0
  > cmir           :          -          -          -          -          -          -          -          0          0          0          0          0          -
  > flowcover      :          -          -          -          -          -          -          -          0          0          0          0          0          -
  > knapsackcover  :          -          -          -          -          -          -          -          0          0          0          0          0          -
  cgmip            :       0.00       0.00          0          0          0          0          0          0          0          0          0          0          0
  clique           :       0.00       0.00          0          0          0          0          0          0          0          0          0          0          0
  closecuts        :       0.00       0.00          0          0          0          0          0          0          0          0          0          0          0
  convexproj       :       0.00       0.00          0          0          0          0          0          0          0          0          0          0          0
  disjunctive      :       0.00       0.00          0          0          0          0          0          0          0          0          0          0          0
  eccuts           :       0.00       0.00          0          0          0          0          0          0          0          0          0          0          0
  gomory           :       0.00       0.00          0          0          0          0          0          0          0          0          0          0          0
[...]
  gcgfracdiving    :       0.00       0.00          1          0          0
  gcgguideddiving  :       0.00       0.00          0          0          0
  gcglinesdiving   :       0.00       0.00          0          0          0
  gcgpscostdiving  :       0.00       0.00          1          0          0
  gcgrens          :       0.01       0.00          1          1          0
  gcgrins          :       0.00       0.00          0          0          0
  gcgrounding      :       0.00       0.00          4          0          0
  gcgshifting      :       0.00       0.00          1          0          0
  gcgsimplerounding:       0.00       0.00          0          0          0
  gcgveclendiving  :       0.00       0.00          1          0          0
  gcgzirounding    :       0.00       0.00          0          0          0
  gins             :       0.00       0.00          0          0          0
  guideddiving     :       0.00       0.00          0          0          0
  indicator        :       0.00       0.00          0          0          0
  indicatordiving  :       0.00       0.00          0          0          0
  intdiving        :       0.00       0.00          0          0          0
  intshifting      :       0.00       0.00          0          0          0
  linesearchdiving :       0.00       0.00          0          0          0
  localbranching   :       0.00       0.00          0          0          0
  locks            :       0.01       0.00          1          1          1
  lpface           :       0.00       0.00          0          0          0
  mpec             :       0.00       0.00          0          0          0
  multistart       :       0.00       0.00          0          0          0
  mutation         :       0.00       0.00          0          0          0
  nlpdiving        :       0.00       0.00          0          0          0
  objpscostdiving  :       0.00       0.00          0          0          0
  octane           :       0.00       0.00          0          0          0
  ofins            :       0.00       0.00          0          0          0
  oneopt           :       0.00       0.00          2          0          0
  padm             :       0.00       0.00          0          0          0
  proximity        :       0.00       0.00          0          0          0
  pscostdiving     :       0.00       0.00          0          0          0
  randrounding     :       0.00       0.00          1          0          0
  rens             :       0.01       0.00          1          0          0
  reoptsols        :       0.00       0.00          0          0          0
  repair           :       0.00       0.00          0          0          0
  rins             :       0.00       0.00          0          0          0
  rootsoldiving    :       0.00       0.00          0          0          0
  rounding         :       0.00       0.00          1          0          0
  scheduler        :       0.00       0.00          0          0          0
  shiftandpropagate:       0.00       0.00          0          0          0
  shifting         :       0.00       0.00          1          0          0
  simplerounding   :       0.00       0.00          0          0          0
  subnlp           :       0.00       0.00          0          0          0
  trivial          :       0.00       0.00          2          0          0
  trivialnegation  :       0.00       0.00          0          0          0
  trustregion      :       0.00       0.00          0          0          0
  trysol           :       0.00       0.00          0          0          0
  twoopt           :       0.00       0.00          0          0          0
  undercover       :       0.00       0.00          0          0          0
  vbounds          :       0.00       0.00          0          0          0
  veclendiving     :       0.00       0.00          0          0          0
  xpcrossover      :       0.13       0.00          1          0          0
  xprins           :       0.05       0.00          1          1          0
  zeroobj          :       0.00       0.00          0          0          0
  zirounding       :       0.00       0.00          1          0          0
  other solutions  :          -          -          -          0          -
LNS (Scheduler)    :      Calls  SetupTime  SolveTime SolveNodes       Sols       Best       Exp3    Exp3-IX  EpsGreedy        UCB TgtFixRate  Opt  Inf Node Stal  Sol  Usr Othr Actv
  rens             :          0       0.00       0.00          0          0          0    0.00000    0.12500   -1.00000    1.00000      0.900    0    0    0    0    0    0    0    1
  rins             :          0       0.00       0.00          0          0          0    0.00000    0.12500   -1.00000    1.00000      0.900    0    0    0    0    0    0    0    1
  mutation         :          0       0.00       0.00          0          0          0    0.00000    0.12500   -1.00000    1.00000      0.900    0    0    0    0    0    0    0    1
  localbranching   :          0       0.00       0.00          0          0          0    0.00000    0.12500   -1.00000    1.00000      0.900    0    0    0    0    0    0    0    1
  crossover        :          0       0.00       0.00          0          0          0    0.00000    0.12500   -1.00000    1.00000      0.900    0    0    0    0    0    0    0    1
  proximity        :          0       0.00       0.00          0          0          0    0.00000    0.12500   -1.00000    1.00000      0.900    0    0    0    0    0    0    0    1
  zeroobjective    :          0       0.00       0.00          0          0          0    0.00000    0.12500   -1.00000    1.00000      0.900    0    0    0    0    0    0    0    1
  dins             :          0       0.00       0.00          0          0          0    0.00000    0.12500   -1.00000    1.00000      0.900    0    0    0    0    0    0    0    1
  trustregion      :          0       0.00       0.00          0          0          0    0.00000    0.00000   -1.00000    1.00000      0.900    0    0    0    0    0    0    0    0
LP                 :       Time      Calls Iterations  Iter/call   Iter/sec  Time-0-It Calls-0-It    ItLimit
  primal LP        :       0.00          0          0       0.00          -       0.00          0
  dual LP          :       0.00          1        116     116.00          -       0.00          0
  lex dual LP      :       0.00          0          0       0.00          -
  barrier LP       :       0.00          0          0       0.00          -       0.00          0
  resolve instable :       0.00          0          0       0.00          -
  diving/probing LP:       0.21        191       1922      10.06    9330.91
  strong branching :       0.00          0          0       0.00          -          -          -          0
    (at root node) :          -          0          0       0.00          -
  conflict analysis:       0.00          0          0       0.00          -
Relaxators         :       Time      Calls    Cutoffs ImprBounds   ImprTime ReducedDom  Separated AddedConss
  gcg              :       0.91          9          5          2       0.90          0          0          0
B&B Tree           :
  number of runs   :          1
  nodes            :          9 (4 internal, 5 leaves)
  feasible leaves  :          0
  infeas. leaves   :          5
  objective leaves :          0
  nodes (total)    :          9 (4 internal, 5 leaves)
  nodes left       :          0
  max depth        :          4
  max depth (total):          4
  backtracks       :          2 (22.2%)
  early backtracks :          0 (0.0%)
  nodes exc. ref.  :          0 (0.0%)
  delayed cutoffs  :          0
  repropagations   :          0 (0 domain reductions, 0 cutoffs)
  avg switch length:       2.22
  switching time   :       0.00
Root Node          :
  First LP value   : +0.00000000000000e+00
  First LP Iters   :        116 (90062.11 Iter/sec)
  First LP Time    :       0.00
  Final Dual Bound : +2.62136564939352e+02
  Final Root Iters :        116
  Root LP Estimate : +0.00000000000000e+00
Solution           :
  Solutions found  :          4 (2 improvements)
  First Solution   : +2.75400000000000e+03   (in run 1, after 1 nodes, 0.16 seconds, depth 2073, found by <locks>)
  Gap First Sol.   :   infinite
  Gap Last Sol.    :   infinite
  Primal Bound     : +2.66000000000000e+02   (in run 1, after 1 nodes, 0.26 seconds, depth 0, found by <relaxation>)
  Dual Bound       : +2.66000000000000e+02
  Gap              :       0.00 %

Simplex iterations :       iter
  Master LP        :       2156
  Pricing LP       :          0
  Original LP      :       2038

Detector statistics:       time     #decompositions   #complete decompositions
  constype         :       0.00                   0                          0
  postprocess      :       0.00                   0                          0
  consclass        :       0.00                   0                          0
  densemasterconss :       0.00                   0                          0
  neighborhoodmast :       0.00                   0                          0
  stairheur        :       0.00                   0                          0
  staircase_lsp    :       0.00                   0                          0
  dbscan           :       0.00                   0                          0
  mst              :       0.00                   0                          0
  compgreedily     :       0.00                   0                          0
  mastersetcover   :       0.00                   0                          0
  mastersetpack    :       0.00                   0                          0
  mastersetpart    :       0.00                   0                          0
  connectedbase    :       0.00                   0                          0
  connected_nonewl :       0.00                   0                          0
  generalmasterset :       0.00                   0                          0
  generalmasterset :       0.00                   0                          0
  generalmasterset :       0.00                   0                          0
  varclass         :       0.00                   0                          0

Decomp statistics  :
  type             :   bordered
  detector         :          U
  blocks           :         50
  aggr. blocks     :         50
Master statistics  :  nlinkvars  nstatvars  nbinvars  nintvars nimplvars  ncontvars   nconss  nonzeros intnzeros   bnzeros bintnzeros min(dens) max(dens) medi(dens) mean(dens)
  master           :          0          0         0         0         0          0       51      2550      2550         0          0     0.020     0.020      0.020     0.020
Pricing statistics :      nvars   nbinvars   nintvars  nimplvars  ncontvars     nconss   nonzeros  intnzeros  min(dens)  max(dens) medi(dens) mean(dens)  identical
          1        :         51         51          0          0          0          1         51         51      1.000      1.000      1.000      1.000          1
          2        :         51         51          0          0          0          1         51         51      1.000      1.000      1.000      1.000          1
          3        :         51         51          0          0          0          1         51         51      1.000      1.000      1.000      1.000          1
          4        :         51         51          0          0          0          1         51         51      1.000      1.000      1.000      1.000          1
          5        :         51         51          0          0          0          1         51         51      1.000      1.000      1.000      1.000          1
          6        :         51         51          0          0          0          1         51         51      1.000      1.000      1.000      1.000          1
          7        :         51         51          0          0          0          1         51         51      1.000      1.000      1.000      1.000          1
          8        :         51         51          0          0          0          1         51         51      1.000      1.000      1.000      1.000          1
          9        :         51         51          0          0          0          1         51         51      1.000      1.000      1.000      1.000          1
         10        :         51         51          0          0          0          1         51         51      1.000      1.000      1.000      1.000          1
         11        :         51         51          0          0          0          1         51         51      1.000      1.000      1.000      1.000          1
         12        :         51         51          0          0          0          1         51         51      1.000      1.000      1.000      1.000          1
         13        :         51         51          0          0          0          1         51         51      1.000      1.000      1.000      1.000          1
         14        :         51         51          0          0          0          1         51         51      1.000      1.000      1.000      1.000          1
         15        :         51         51          0          0          0          1         51         51      1.000      1.000      1.000      1.000          1
         16        :         51         51          0          0          0          1         51         51      1.000      1.000      1.000      1.000          1
         17        :         51         51          0          0          0          1         51         51      1.000      1.000      1.000      1.000          1
         18        :         51         51          0          0          0          1         51         51      1.000      1.000      1.000      1.000          1
         19        :         51         51          0          0          0          1         51         51      1.000      1.000      1.000      1.000          1
         20        :         51         51          0          0          0          1         51         51      1.000      1.000      1.000      1.000          1
         21        :         51         51          0          0          0          1         51         51      1.000      1.000      1.000      1.000          1
         22        :         51         51          0          0          0          1         51         51      1.000      1.000      1.000      1.000          1
         23        :         51         51          0          0          0          1         51         51      1.000      1.000      1.000      1.000          1
         24        :         51         51          0          0          0          1         51         51      1.000      1.000      1.000      1.000          1
         25        :         51         51          0          0          0          1         51         51      1.000      1.000      1.000      1.000          1
         26        :         51         51          0          0          0          1         51         51      1.000      1.000      1.000      1.000          1
         27        :         51         51          0          0          0          1         51         51      1.000      1.000      1.000      1.000          1
         28        :         51         51          0          0          0          1         51         51      1.000      1.000      1.000      1.000          1
         29        :         51         51          0          0          0          1         51         51      1.000      1.000      1.000      1.000          1
         30        :         51         51          0          0          0          1         51         51      1.000      1.000      1.000      1.000          1
         31        :         51         51          0          0          0          1         51         51      1.000      1.000      1.000      1.000          1
         32        :         51         51          0          0          0          1         51         51      1.000      1.000      1.000      1.000          1
         33        :         51         51          0          0          0          1         51         51      1.000      1.000      1.000      1.000          1
         34        :         51         51          0          0          0          1         51         51      1.000      1.000      1.000      1.000          1
         35        :         51         51          0          0          0          1         51         51      1.000      1.000      1.000      1.000          1
         36        :         51         51          0          0          0          1         51         51      1.000      1.000      1.000      1.000          1
         37        :         51         51          0          0          0          1         51         51      1.000      1.000      1.000      1.000          1
         38        :         51         51          0          0          0          1         51         51      1.000      1.000      1.000      1.000          1
         39        :         51         51          0          0          0          1         51         51      1.000      1.000      1.000      1.000          1
         40        :         51         51          0          0          0          1         51         51      1.000      1.000      1.000      1.000          1
         41        :         51         51          0          0          0          1         51         51      1.000      1.000      1.000      1.000          1
         42        :         51         51          0          0          0          1         51         51      1.000      1.000      1.000      1.000          1
         43        :         51         51          0          0          0          1         51         51      1.000      1.000      1.000      1.000          1
         44        :         51         51          0          0          0          1         51         51      1.000      1.000      1.000      1.000          1
         45        :         51         51          0          0          0          1         51         51      1.000      1.000      1.000      1.000          1
         46        :         51         51          0          0          0          1         51         51      1.000      1.000      1.000      1.000          1
         47        :         51         51          0          0          0          1         51         51      1.000      1.000      1.000      1.000          1
         48        :         51         51          0          0          0          1         51         51      1.000      1.000      1.000      1.000          1
         49        :         51         51          0          0          0          1         51         51      1.000      1.000      1.000      1.000          1
         50        :         51         51          0          0          0          1         51         51      1.000      1.000      1.000      1.000          1
Decomp Scores      :
  border area      :      0.505
  avg. density     :      0.000
  linking score    :      0.500

Score statistics:
  Total Time       :       0.00

Validation         : Success
  cons violation   :          0
  primal violation :          0 (reference:  2.660000000e+02)
  dual violation   :          0 (reference:  2.660000000e+02)
<end of output>
Test time =   1.52 sec
----------------------------------------------------------
Test Pass Reason:
Required regular expression found. Regex=[Validation         : Success]
"GCG-CPMP-default-p2050-1.txt.lp" end time: Mar 21 01:19 CST
"GCG-CPMP-default-p2050-1.txt.lp" time elapsed: 00:00:01
----------------------------------------------------------

End testing: Mar 21 01:19 CST
